[2017-03-05 11:53:50] local.ERROR: PDOException: could not find driver in /opt/lampp/htdocs/laravel_shop_khoapham/vendor/laravel/framework/src/Illuminate/Database/Connectors/Connector.php:119
Stack trace:
#0 /opt/lampp/htdocs/laravel_shop_khoapham/vendor/laravel/framework/src/Illuminate/Database/Connectors/Connector.php(119): PDO->__construct('pgsql:host=ec2-...', 'zfrhfyqpgqgbnk', '3c658bdf197e9d7...', Array)
#1 /opt/lampp/htdocs/laravel_shop_khoapham/vendor/laravel/framework/src/Illuminate/Database/Connectors/Connector.php(56): Illuminate\Database\Connectors\Connector->createPdoConnection('pgsql:host=ec2-...', 'zfrhfyqpgqgbnk', '3c658bdf197e9d7...', Array)
#2 /opt/lampp/htdocs/laravel_shop_khoapham/vendor/laravel/framework/src/Illuminate/Database/Connectors/PostgresConnector.php(36): Illuminate\Database\Connectors\Connector->createConnection('pgsql:host=ec2-...', Array, Array)
#3 /opt/lampp/htdocs/laravel_shop_khoapham/vendor/laravel/framework/src/Illuminate/Database/Connectors/ConnectionFactory.php(126): Illuminate\Database\Connectors\PostgresConnector->connect(Array)
#4 [internal function]: Illuminate\Database\Connectors\ConnectionFactory->Illuminate\Database\Connectors\{closure}()
#5 /opt/lampp/htdocs/laravel_shop_khoapham/vendor/laravel/framework/src/Illuminate/Database/Connection.php(965): call_user_func(Object(Closure))
#6 /opt/lampp/htdocs/laravel_shop_khoapham/vendor/laravel/framework/src/Illuminate/Database/Connection.php(986): Illuminate\Database\Connection->getPdo()
#7 /opt/lampp/htdocs/laravel_shop_khoapham/vendor/laravel/framework/src/Illuminate/Database/Connection.php(423): Illuminate\Database\Connection->getReadPdo()
#8 /opt/lampp/htdocs/laravel_shop_khoapham/vendor/laravel/framework/src/Illuminate/Database/Connection.php(333): Illuminate\Database\Connection->getPdoForSelect(true)
#9 /opt/lampp/htdocs/laravel_shop_khoapham/vendor/laravel/framework/src/Illuminate/Database/Connection.php(763): Illuminate\Database\Connection->Illuminate\Database\{closure}(Object(Illuminate\Database\PostgresConnection), 'select * from "...', Array)
#10 /opt/lampp/htdocs/laravel_shop_khoapham/vendor/laravel/framework/src/Illuminate/Database/Connection.php(726): Illuminate\Database\Connection->runQueryCallback('select * from "...', Array, Object(Closure))
#11 /opt/lampp/htdocs/laravel_shop_khoapham/vendor/laravel/framework/src/Illuminate/Database/Connection.php(351): Illuminate\Database\Connection->run('select * from "...', Array, Object(Closure))
#12 /opt/lampp/htdocs/laravel_shop_khoapham/vendor/laravel/framework/src/Illuminate/Database/Query/Builder.php(1648): Illuminate\Database\Connection->select('select * from "...', Array, true)
#13 /opt/lampp/htdocs/laravel_shop_khoapham/vendor/laravel/framework/src/Illuminate/Database/Query/Builder.php(1634): Illuminate\Database\Query\Builder->runSelect()
#14 /opt/lampp/htdocs/laravel_shop_khoapham/storage/framework/views/090d13a185533fbaf342d615e112434ac4ebe29f.php(9): Illuminate\Database\Query\Builder->get()
#15 /opt/lampp/htdocs/laravel_shop_khoapham/vendor/laravel/framework/src/Illuminate/View/Engines/PhpEngine.php(42): include('/opt/lampp/htdo...')
#16 /opt/lampp/htdocs/laravel_shop_khoapham/vendor/laravel/framework/src/Illuminate/View/Engines/CompilerEngine.php(59): Illuminate\View\Engines\PhpEngine->evaluatePath('/opt/lampp/htdo...', Array)
#17 /opt/lampp/htdocs/laravel_shop_khoapham/vendor/laravel/framework/src/Illuminate/View/View.php(149): Illuminate\View\Engines\CompilerEngine->get('/opt/lampp/htdo...', Array)
#18 /opt/lampp/htdocs/laravel_shop_khoapham/vendor/laravel/framework/src/Illuminate/View/View.php(120): Illuminate\View\View->getContents()
#19 /opt/lampp/htdocs/laravel_shop_khoapham/vendor/laravel/framework/src/Illuminate/View/View.php(85): Illuminate\View\View->renderContents()
#20 /opt/lampp/htdocs/laravel_shop_khoapham/vendor/laravel/framework/src/Illuminate/Http/Response.php(45): Illuminate\View\View->render()
#21 /opt/lampp/htdocs/laravel_shop_khoapham/vendor/symfony/http-foundation/Response.php(201): Illuminate\Http\Response->setContent(Object(Illuminate\View\View))
#22 /opt/lampp/htdocs/laravel_shop_khoapham/vendor/laravel/framework/src/Illuminate/Routing/Router.php(1028): Symfony\Component\HttpFoundation\Response->__construct(Object(Illuminate\View\View))
#23 /opt/lampp/htdocs/laravel_shop_khoapham/vendor/laravel/framework/src/Illuminate/Routing/Router.php(653): Illuminate\Routing\Router->prepareResponse(Object(Illuminate\Http\Request), Object(Illuminate\View\View))
#24 /opt/lampp/htdocs/laravel_shop_khoapham/vendor/laravel/framework/src/Illuminate/Routing/Pipeline.php(53): Illuminate\Routing\Router->Illuminate\Routing\{closure}(Object(Illuminate\Http\Request))
#25 /opt/lampp/htdocs/laravel_shop_khoapham/vendor/laravel/framework/src/Illuminate/Routing/Middleware/SubstituteBindings.php(41): Illuminate\Routing\Pipeline->Illuminate\Routing\{closure}(Object(Illuminate\Http\Request))
#26 /opt/lampp/htdocs/laravel_shop_khoapham/vendor/laravel/framework/src/Illuminate/Pipeline/Pipeline.php(137): Illuminate\Routing\Middleware\SubstituteBindings->handle(Object(Illuminate\Http\Request), Object(Closure))
#27 /opt/lampp/htdocs/laravel_shop_khoapham/vendor/laravel/framework/src/Illuminate/Routing/Pipeline.php(33): Illuminate\Pipeline\Pipeline->Illuminate\Pipeline\{closure}(Object(Illuminate\Http\Request))
#28 /opt/lampp/htdocs/laravel_shop_khoapham/vendor/laravel/framework/src/Illuminate/Foundation/Http/Middleware/VerifyCsrfToken.php(65): Illuminate\Routing\Pipeline->Illuminate\Routing\{closure}(Object(Illuminate\Http\Request))
#29 /opt/lampp/htdocs/laravel_shop_khoapham/vendor/laravel/framework/src/Illuminate/Pipeline/Pipeline.php(137): Illuminate\Foundation\Http\Middleware\VerifyCsrfToken->handle(Object(Illuminate\Http\Request), Object(Closure))
#30 /opt/lampp/htdocs/laravel_shop_khoapham/vendor/laravel/framework/src/Illuminate/Routing/Pipeline.php(33): Illuminate\Pipeline\Pipeline->Illuminate\Pipeline\{closure}(Object(Illuminate\Http\Request))
#31 /opt/lampp/htdocs/laravel_shop_khoapham/vendor/laravel/framework/src/Illuminate/View/Middleware/ShareErrorsFromSession.php(49): Illuminate\Routing\Pipeline->Illuminate\Routing\{closure}(Object(Illuminate\Http\Request))
#32 /opt/lampp/htdocs/laravel_shop_khoapham/vendor/laravel/framework/src/Illuminate/Pipeline/Pipeline.php(137): Illuminate\View\Middleware\ShareErrorsFromSession->handle(Object(Illuminate\Http\Request), Object(Closure))
#33 /opt/lampp/htdocs/laravel_shop_khoapham/vendor/laravel/framework/src/Illuminate/Routing/Pipeline.php(33): Illuminate\Pipeline\Pipeline->Illuminate\Pipeline\{closure}(Object(Illuminate\Http\Request))
#34 /opt/lampp/htdocs/laravel_shop_khoapham/vendor/laravel/framework/src/Illuminate/Session/Middleware/StartSession.php(64): Illuminate\Routing\Pipeline->Illuminate\Routing\{closure}(Object(Illuminate\Http\Request))
#35 /opt/lampp/htdocs/laravel_shop_khoapham/vendor/laravel/framework/src/Illuminate/Pipeline/Pipeline.php(137): Illuminate\Session\Middleware\StartSession->handle(Object(Illuminate\Http\Request), Object(Closure))
#36 /opt/lampp/htdocs/laravel_shop_khoapham/vendor/laravel/framework/src/Illuminate/Routing/Pipeline.php(33): Illuminate\Pipeline\Pipeline->Illuminate\Pipeline\{closure}(Object(Illuminate\Http\Request))
#37 /opt/lampp/htdocs/laravel_shop_khoapham/vendor/laravel/framework/src/Illuminate/Cookie/Middleware/AddQueuedCookiesToResponse.php(37): Illuminate\Routing\Pipeline->Illuminate\Routing\{closure}(Object(Illuminate\Http\Request))
#38 /opt/lampp/htdocs/laravel_shop_khoapham/vendor/laravel/framework/src/Illuminate/Pipeline/Pipeline.php(137): Illuminate\Cookie\Middleware\AddQueuedCookiesToResponse->handle(Object(Illuminate\Http\Request), Object(Closure))
#39 /opt/lampp/htdocs/laravel_shop_khoapham/vendor/laravel/framework/src/Illuminate/Routing/Pipeline.php(33): Illuminate\Pipeline\Pipeline->Illuminate\Pipeline\{closure}(Object(Illuminate\Http\Request))
#40 /opt/lampp/htdocs/laravel_shop_khoapham/vendor/laravel/framework/src/Illuminate/Cookie/Middleware/EncryptCookies.php(59): Illuminate\Routing\Pipeline->Illuminate\Routing\{closure}(Object(Illuminate\Http\Request))
#41 /opt/lampp/htdocs/laravel_shop_khoapham/vendor/laravel/framework/src/Illuminate/Pipeline/Pipeline.php(137): Illuminate\Cookie\Middleware\EncryptCookies->handle(Object(Illuminate\Http\Request), Object(Closure))
#42 /opt/lampp/htdocs/laravel_shop_khoapham/vendor/laravel/framework/src/Illuminate/Routing/Pipeline.php(33): Illuminate\Pipeline\Pipeline->Illuminate\Pipeline\{closure}(Object(Illuminate\Http\Request))
#43 /opt/lampp/htdocs/laravel_shop_khoapham/vendor/laravel/framework/src/Illuminate/Pipeline/Pipeline.php(104): Illuminate\Routing\Pipeline->Illuminate\Routing\{closure}(Object(Illuminate\Http\Request))
#44 /opt/lampp/htdocs/laravel_shop_khoapham/vendor/laravel/framework/src/Illuminate/Routing/Router.php(655): Illuminate\Pipeline\Pipeline->then(Object(Closure))
#45 /opt/lampp/htdocs/laravel_shop_khoapham/vendor/laravel/framework/src/Illuminate/Routing/Router.php(629): Illuminate\Routing\Router->runRouteWithinStack(Object(Illuminate\Routing\Route), Object(Illuminate\Http\Request))
#46 /opt/lampp/htdocs/laravel_shop_khoapham/vendor/laravel/framework/src/Illuminate/Routing/Router.php(607): Illuminate\Routing\Router->dispatchToRoute(Object(Illuminate\Http\Request))
#47 /opt/lampp/htdocs/laravel_shop_khoapham/vendor/laravel/framework/src/Illuminate/Foundation/Http/Kernel.php(268): Illuminate\Routing\Router->dispatch(Object(Illuminate\Http\Request))
#48 /opt/lampp/htdocs/laravel_shop_khoapham/vendor/laravel/framework/src/Illuminate/Routing/Pipeline.php(53): Illuminate\Foundation\Http\Kernel->Illuminate\Foundation\Http\{closure}(Object(Illuminate\Http\Request))
#49 /opt/lampp/htdocs/laravel_shop_khoapham/vendor/garygreen/pretty-routes/src/MainMiddleware.php(25): Illuminate\Routing\Pipeline->Illuminate\Routing\{closure}(Object(Illuminate\Http\Request))
#50 /opt/lampp/htdocs/laravel_shop_khoapham/vendor/laravel/framework/src/Illuminate/Pipeline/Pipeline.php(137): PrettyRoutes\MainMiddleware->handle(Object(Illuminate\Http\Request), Object(Closure))
#51 /opt/lampp/htdocs/laravel_shop_khoapham/vendor/laravel/framework/src/Illuminate/Routing/Pipeline.php(33): Illuminate\Pipeline\Pipeline->Illuminate\Pipeline\{closure}(Object(Illuminate\Http\Request))
#52 /opt/lampp/htdocs/laravel_shop_khoapham/vendor/laravel/framework/src/Illuminate/Foundation/Http/Middleware/CheckForMaintenanceMode.php(46): Illuminate\Routing\Pipeline->Illuminate\Routing\{closure}(Object(Illuminate\Http\Request))
#53 /opt/lampp/htdocs/laravel_shop_khoapham/vendor/laravel/framework/src/Illuminate/Pipeline/Pipeline.php(137): Illuminate\Foundation\Http\Middleware\CheckForMaintenanceMode->handle(Object(Illuminate\Http\Request), Object(Closure))
#54 /opt/lampp/htdocs/laravel_shop_khoapham/vendor/laravel/framework/src/Illuminate/Routing/Pipeline.php(33): Illuminate\Pipeline\Pipeline->Illuminate\Pipeline\{closure}(Object(Illuminate\Http\Request))
#55 /opt/lampp/htdocs/laravel_shop_khoapham/vendor/laravel/framework/src/Illuminate/Pipeline/Pipeline.php(104): Illuminate\Routing\Pipeline->Illuminate\Routing\{closure}(Object(Illuminate\Http\Request))
#56 /opt/lampp/htdocs/laravel_shop_khoapham/vendor/laravel/framework/src/Illuminate/Foundation/Http/Kernel.php(150): Illuminate\Pipeline\Pipeline->then(Object(Closure))
#57 /opt/lampp/htdocs/laravel_shop_khoapham/vendor/laravel/framework/src/Illuminate/Foundation/Http/Kernel.php(117): Illuminate\Foundation\Http\Kernel->sendRequestThroughRouter(Object(Illuminate\Http\Request))
#58 /opt/lampp/htdocs/laravel_shop_khoapham/public/index.php(53): Illuminate\Foundation\Http\Kernel->handle(Object(Illuminate\Http\Request))
#59 /opt/lampp/htdocs/laravel_shop_khoapham/server.php(21): require_once('/opt/lampp/htdo...')
#60 {main}  
[2017-03-05 11:53:50] local.ERROR: PDOException: could not find driver in /opt/lampp/htdocs/laravel_shop_khoapham/vendor/laravel/framework/src/Illuminate/Database/Connectors/Connector.php:119
Stack trace:
#0 /opt/lampp/htdocs/laravel_shop_khoapham/vendor/laravel/framework/src/Illuminate/Database/Connectors/Connector.php(119): PDO->__construct('pgsql:host=ec2-...', 'zfrhfyqpgqgbnk', '3c658bdf197e9d7...', Array)
#1 /opt/lampp/htdocs/laravel_shop_khoapham/vendor/laravel/framework/src/Illuminate/Database/Connectors/Connector.php(56): Illuminate\Database\Connectors\Connector->createPdoConnection('pgsql:host=ec2-...', 'zfrhfyqpgqgbnk', '3c658bdf197e9d7...', Array)
#2 /opt/lampp/htdocs/laravel_shop_khoapham/vendor/laravel/framework/src/Illuminate/Database/Connectors/PostgresConnector.php(36): Illuminate\Database\Connectors\Connector->createConnection('pgsql:host=ec2-...', Array, Array)
#3 /opt/lampp/htdocs/laravel_shop_khoapham/vendor/laravel/framework/src/Illuminate/Database/Connectors/ConnectionFactory.php(126): Illuminate\Database\Connectors\PostgresConnector->connect(Array)
#4 [internal function]: Illuminate\Database\Connectors\ConnectionFactory->Illuminate\Database\Connectors\{closure}()
#5 /opt/lampp/htdocs/laravel_shop_khoapham/vendor/laravel/framework/src/Illuminate/Database/Connection.php(965): call_user_func(Object(Closure))
#6 /opt/lampp/htdocs/laravel_shop_khoapham/vendor/laravel/framework/src/Illuminate/Database/Connection.php(986): Illuminate\Database\Connection->getPdo()
#7 /opt/lampp/htdocs/laravel_shop_khoapham/vendor/laravel/framework/src/Illuminate/Database/Connection.php(423): Illuminate\Database\Connection->getReadPdo()
#8 /opt/lampp/htdocs/laravel_shop_khoapham/vendor/laravel/framework/src/Illuminate/Database/Connection.php(333): Illuminate\Database\Connection->getPdoForSelect(true)
#9 /opt/lampp/htdocs/laravel_shop_khoapham/vendor/laravel/framework/src/Illuminate/Database/Connection.php(763): Illuminate\Database\Connection->Illuminate\Database\{closure}(Object(Illuminate\Database\PostgresConnection), 'select * from "...', Array)
#10 /opt/lampp/htdocs/laravel_shop_khoapham/vendor/laravel/framework/src/Illuminate/Database/Connection.php(726): Illuminate\Database\Connection->runQueryCallback('select * from "...', Array, Object(Closure))
#11 /opt/lampp/htdocs/laravel_shop_khoapham/vendor/laravel/framework/src/Illuminate/Database/Connection.php(351): Illuminate\Database\Connection->run('select * from "...', Array, Object(Closure))
#12 /opt/lampp/htdocs/laravel_shop_khoapham/vendor/laravel/framework/src/Illuminate/Database/Query/Builder.php(1648): Illuminate\Database\Connection->select('select * from "...', Array, true)
#13 /opt/lampp/htdocs/laravel_shop_khoapham/vendor/laravel/framework/src/Illuminate/Database/Query/Builder.php(1634): Illuminate\Database\Query\Builder->runSelect()
#14 /opt/lampp/htdocs/laravel_shop_khoapham/storage/framework/views/090d13a185533fbaf342d615e112434ac4ebe29f.php(9): Illuminate\Database\Query\Builder->get()
#15 /opt/lampp/htdocs/laravel_shop_khoapham/vendor/laravel/framework/src/Illuminate/View/Engines/PhpEngine.php(42): include('/opt/lampp/htdo...')
#16 /opt/lampp/htdocs/laravel_shop_khoapham/vendor/laravel/framework/src/Illuminate/View/Engines/CompilerEngine.php(59): Illuminate\View\Engines\PhpEngine->evaluatePath('/opt/lampp/htdo...', Array)
#17 /opt/lampp/htdocs/laravel_shop_khoapham/vendor/laravel/framework/src/Illuminate/View/View.php(149): Illuminate\View\Engines\CompilerEngine->get('/opt/lampp/htdo...', Array)
#18 /opt/lampp/htdocs/laravel_shop_khoapham/vendor/laravel/framework/src/Illuminate/View/View.php(120): Illuminate\View\View->getContents()
#19 /opt/lampp/htdocs/laravel_shop_khoapham/vendor/laravel/framework/src/Illuminate/View/View.php(85): Illuminate\View\View->renderContents()
#20 /opt/lampp/htdocs/laravel_shop_khoapham/vendor/laravel/framework/src/Illuminate/Http/Response.php(45): Illuminate\View\View->render()
#21 /opt/lampp/htdocs/laravel_shop_khoapham/vendor/symfony/http-foundation/Response.php(201): Illuminate\Http\Response->setContent(Object(Illuminate\View\View))
#22 /opt/lampp/htdocs/laravel_shop_khoapham/vendor/laravel/framework/src/Illuminate/Routing/Router.php(1028): Symfony\Component\HttpFoundation\Response->__construct(Object(Illuminate\View\View))
#23 /opt/lampp/htdocs/laravel_shop_khoapham/vendor/laravel/framework/src/Illuminate/Routing/Router.php(653): Illuminate\Routing\Router->prepareResponse(Object(Illuminate\Http\Request), Object(Illuminate\View\View))
#24 /opt/lampp/htdocs/laravel_shop_khoapham/vendor/laravel/framework/src/Illuminate/Routing/Pipeline.php(53): Illuminate\Routing\Router->Illuminate\Routing\{closure}(Object(Illuminate\Http\Request))
#25 /opt/lampp/htdocs/laravel_shop_khoapham/vendor/laravel/framework/src/Illuminate/Routing/Middleware/SubstituteBindings.php(41): Illuminate\Routing\Pipeline->Illuminate\Routing\{closure}(Object(Illuminate\Http\Request))
#26 /opt/lampp/htdocs/laravel_shop_khoapham/vendor/laravel/framework/src/Illuminate/Pipeline/Pipeline.php(137): Illuminate\Routing\Middleware\SubstituteBindings->handle(Object(Illuminate\Http\Request), Object(Closure))
#27 /opt/lampp/htdocs/laravel_shop_khoapham/vendor/laravel/framework/src/Illuminate/Routing/Pipeline.php(33): Illuminate\Pipeline\Pipeline->Illuminate\Pipeline\{closure}(Object(Illuminate\Http\Request))
#28 /opt/lampp/htdocs/laravel_shop_khoapham/vendor/laravel/framework/src/Illuminate/Foundation/Http/Middleware/VerifyCsrfToken.php(65): Illuminate\Routing\Pipeline->Illuminate\Routing\{closure}(Object(Illuminate\Http\Request))
#29 /opt/lampp/htdocs/laravel_shop_khoapham/vendor/laravel/framework/src/Illuminate/Pipeline/Pipeline.php(137): Illuminate\Foundation\Http\Middleware\VerifyCsrfToken->handle(Object(Illuminate\Http\Request), Object(Closure))
#30 /opt/lampp/htdocs/laravel_shop_khoapham/vendor/laravel/framework/src/Illuminate/Routing/Pipeline.php(33): Illuminate\Pipeline\Pipeline->Illuminate\Pipeline\{closure}(Object(Illuminate\Http\Request))
#31 /opt/lampp/htdocs/laravel_shop_khoapham/vendor/laravel/framework/src/Illuminate/View/Middleware/ShareErrorsFromSession.php(49): Illuminate\Routing\Pipeline->Illuminate\Routing\{closure}(Object(Illuminate\Http\Request))
#32 /opt/lampp/htdocs/laravel_shop_khoapham/vendor/laravel/framework/src/Illuminate/Pipeline/Pipeline.php(137): Illuminate\View\Middleware\ShareErrorsFromSession->handle(Object(Illuminate\Http\Request), Object(Closure))
#33 /opt/lampp/htdocs/laravel_shop_khoapham/vendor/laravel/framework/src/Illuminate/Routing/Pipeline.php(33): Illuminate\Pipeline\Pipeline->Illuminate\Pipeline\{closure}(Object(Illuminate\Http\Request))
#34 /opt/lampp/htdocs/laravel_shop_khoapham/vendor/laravel/framework/src/Illuminate/Session/Middleware/StartSession.php(64): Illuminate\Routing\Pipeline->Illuminate\Routing\{closure}(Object(Illuminate\Http\Request))
#35 /opt/lampp/htdocs/laravel_shop_khoapham/vendor/laravel/framework/src/Illuminate/Pipeline/Pipeline.php(137): Illuminate\Session\Middleware\StartSession->handle(Object(Illuminate\Http\Request), Object(Closure))
#36 /opt/lampp/htdocs/laravel_shop_khoapham/vendor/laravel/framework/src/Illuminate/Routing/Pipeline.php(33): Illuminate\Pipeline\Pipeline->Illuminate\Pipeline\{closure}(Object(Illuminate\Http\Request))
#37 /opt/lampp/htdocs/laravel_shop_khoapham/vendor/laravel/framework/src/Illuminate/Cookie/Middleware/AddQueuedCookiesToResponse.php(37): Illuminate\Routing\Pipeline->Illuminate\Routing\{closure}(Object(Illuminate\Http\Request))
#38 /opt/lampp/htdocs/laravel_shop_khoapham/vendor/laravel/framework/src/Illuminate/Pipeline/Pipeline.php(137): Illuminate\Cookie\Middleware\AddQueuedCookiesToResponse->handle(Object(Illuminate\Http\Request), Object(Closure))
#39 /opt/lampp/htdocs/laravel_shop_khoapham/vendor/laravel/framework/src/Illuminate/Routing/Pipeline.php(33): Illuminate\Pipeline\Pipeline->Illuminate\Pipeline\{closure}(Object(Illuminate\Http\Request))
#40 /opt/lampp/htdocs/laravel_shop_khoapham/vendor/laravel/framework/src/Illuminate/Cookie/Middleware/EncryptCookies.php(59): Illuminate\Routing\Pipeline->Illuminate\Routing\{closure}(Object(Illuminate\Http\Request))
#41 /opt/lampp/htdocs/laravel_shop_khoapham/vendor/laravel/framework/src/Illuminate/Pipeline/Pipeline.php(137): Illuminate\Cookie\Middleware\EncryptCookies->handle(Object(Illuminate\Http\Request), Object(Closure))
#42 /opt/lampp/htdocs/laravel_shop_khoapham/vendor/laravel/framework/src/Illuminate/Routing/Pipeline.php(33): Illuminate\Pipeline\Pipeline->Illuminate\Pipeline\{closure}(Object(Illuminate\Http\Request))
#43 /opt/lampp/htdocs/laravel_shop_khoapham/vendor/laravel/framework/src/Illuminate/Pipeline/Pipeline.php(104): Illuminate\Routing\Pipeline->Illuminate\Routing\{closure}(Object(Illuminate\Http\Request))
#44 /opt/lampp/htdocs/laravel_shop_khoapham/vendor/laravel/framework/src/Illuminate/Routing/Router.php(655): Illuminate\Pipeline\Pipeline->then(Object(Closure))
#45 /opt/lampp/htdocs/laravel_shop_khoapham/vendor/laravel/framework/src/Illuminate/Routing/Router.php(629): Illuminate\Routing\Router->runRouteWithinStack(Object(Illuminate\Routing\Route), Object(Illuminate\Http\Request))
#46 /opt/lampp/htdocs/laravel_shop_khoapham/vendor/laravel/framework/src/Illuminate/Routing/Router.php(607): Illuminate\Routing\Router->dispatchToRoute(Object(Illuminate\Http\Request))
#47 /opt/lampp/htdocs/laravel_shop_khoapham/vendor/laravel/framework/src/Illuminate/Foundation/Http/Kernel.php(268): Illuminate\Routing\Router->dispatch(Object(Illuminate\Http\Request))
#48 /opt/lampp/htdocs/laravel_shop_khoapham/vendor/laravel/framework/src/Illuminate/Routing/Pipeline.php(53): Illuminate\Foundation\Http\Kernel->Illuminate\Foundation\Http\{closure}(Object(Illuminate\Http\Request))
#49 /opt/lampp/htdocs/laravel_shop_khoapham/vendor/garygreen/pretty-routes/src/MainMiddleware.php(25): Illuminate\Routing\Pipeline->Illuminate\Routing\{closure}(Object(Illuminate\Http\Request))
#50 /opt/lampp/htdocs/laravel_shop_khoapham/vendor/laravel/framework/src/Illuminate/Pipeline/Pipeline.php(137): PrettyRoutes\MainMiddleware->handle(Object(Illuminate\Http\Request), Object(Closure))
#51 /opt/lampp/htdocs/laravel_shop_khoapham/vendor/laravel/framework/src/Illuminate/Routing/Pipeline.php(33): Illuminate\Pipeline\Pipeline->Illuminate\Pipeline\{closure}(Object(Illuminate\Http\Request))
#52 /opt/lampp/htdocs/laravel_shop_khoapham/vendor/laravel/framework/src/Illuminate/Foundation/Http/Middleware/CheckForMaintenanceMode.php(46): Illuminate\Routing\Pipeline->Illuminate\Routing\{closure}(Object(Illuminate\Http\Request))
#53 /opt/lampp/htdocs/laravel_shop_khoapham/vendor/laravel/framework/src/Illuminate/Pipeline/Pipeline.php(137): Illuminate\Foundation\Http\Middleware\CheckForMaintenanceMode->handle(Object(Illuminate\Http\Request), Object(Closure))
#54 /opt/lampp/htdocs/laravel_shop_khoapham/vendor/laravel/framework/src/Illuminate/Routing/Pipeline.php(33): Illuminate\Pipeline\Pipeline->Illuminate\Pipeline\{closure}(Object(Illuminate\Http\Request))
#55 /opt/lampp/htdocs/laravel_shop_khoapham/vendor/laravel/framework/src/Illuminate/Pipeline/Pipeline.php(104): Illuminate\Routing\Pipeline->Illuminate\Routing\{closure}(Object(Illuminate\Http\Request))
#56 /opt/lampp/htdocs/laravel_shop_khoapham/vendor/laravel/framework/src/Illuminate/Foundation/Http/Kernel.php(150): Illuminate\Pipeline\Pipeline->then(Object(Closure))
#57 /opt/lampp/htdocs/laravel_shop_khoapham/vendor/laravel/framework/src/Illuminate/Foundation/Http/Kernel.php(117): Illuminate\Foundation\Http\Kernel->sendRequestThroughRouter(Object(Illuminate\Http\Request))
#58 /opt/lampp/htdocs/laravel_shop_khoapham/public/index.php(53): Illuminate\Foundation\Http\Kernel->handle(Object(Illuminate\Http\Request))
#59 /opt/lampp/htdocs/laravel_shop_khoapham/server.php(21): require_once('/opt/lampp/htdo...')
#60 {main}

Next Illuminate\Database\QueryException: could not find driver (SQL: select * from "products" order by "id" desc limit 4 offset 0) in /opt/lampp/htdocs/laravel_shop_khoapham/vendor/laravel/framework/src/Illuminate/Database/Connection.php:770
Stack trace:
#0 /opt/lampp/htdocs/laravel_shop_khoapham/vendor/laravel/framework/src/Illuminate/Database/Connection.php(726): Illuminate\Database\Connection->runQueryCallback('select * from "...', Array, Object(Closure))
#1 /opt/lampp/htdocs/laravel_shop_khoapham/vendor/laravel/framework/src/Illuminate/Database/Connection.php(351): Illuminate\Database\Connection->run('select * from "...', Array, Object(Closure))
#2 /opt/lampp/htdocs/laravel_shop_khoapham/vendor/laravel/framework/src/Illuminate/Database/Query/Builder.php(1648): Illuminate\Database\Connection->select('select * from "...', Array, true)
#3 /opt/lampp/htdocs/laravel_shop_khoapham/vendor/laravel/framework/src/Illuminate/Database/Query/Builder.php(1634): Illuminate\Database\Query\Builder->runSelect()
#4 /opt/lampp/htdocs/laravel_shop_khoapham/storage/framework/views/090d13a185533fbaf342d615e112434ac4ebe29f.php(9): Illuminate\Database\Query\Builder->get()
#5 /opt/lampp/htdocs/laravel_shop_khoapham/vendor/laravel/framework/src/Illuminate/View/Engines/PhpEngine.php(42): include('/opt/lampp/htdo...')
#6 /opt/lampp/htdocs/laravel_shop_khoapham/vendor/laravel/framework/src/Illuminate/View/Engines/CompilerEngine.php(59): Illuminate\View\Engines\PhpEngine->evaluatePath('/opt/lampp/htdo...', Array)
#7 /opt/lampp/htdocs/laravel_shop_khoapham/vendor/laravel/framework/src/Illuminate/View/View.php(149): Illuminate\View\Engines\CompilerEngine->get('/opt/lampp/htdo...', Array)
#8 /opt/lampp/htdocs/laravel_shop_khoapham/vendor/laravel/framework/src/Illuminate/View/View.php(120): Illuminate\View\View->getContents()
#9 /opt/lampp/htdocs/laravel_shop_khoapham/vendor/laravel/framework/src/Illuminate/View/View.php(85): Illuminate\View\View->renderContents()
#10 /opt/lampp/htdocs/laravel_shop_khoapham/vendor/laravel/framework/src/Illuminate/Http/Response.php(45): Illuminate\View\View->render()
#11 /opt/lampp/htdocs/laravel_shop_khoapham/vendor/symfony/http-foundation/Response.php(201): Illuminate\Http\Response->setContent(Object(Illuminate\View\View))
#12 /opt/lampp/htdocs/laravel_shop_khoapham/vendor/laravel/framework/src/Illuminate/Routing/Router.php(1028): Symfony\Component\HttpFoundation\Response->__construct(Object(Illuminate\View\View))
#13 /opt/lampp/htdocs/laravel_shop_khoapham/vendor/laravel/framework/src/Illuminate/Routing/Router.php(653): Illuminate\Routing\Router->prepareResponse(Object(Illuminate\Http\Request), Object(Illuminate\View\View))
#14 /opt/lampp/htdocs/laravel_shop_khoapham/vendor/laravel/framework/src/Illuminate/Routing/Pipeline.php(53): Illuminate\Routing\Router->Illuminate\Routing\{closure}(Object(Illuminate\Http\Request))
#15 /opt/lampp/htdocs/laravel_shop_khoapham/vendor/laravel/framework/src/Illuminate/Routing/Middleware/SubstituteBindings.php(41): Illuminate\Routing\Pipeline->Illuminate\Routing\{closure}(Object(Illuminate\Http\Request))
#16 /opt/lampp/htdocs/laravel_shop_khoapham/vendor/laravel/framework/src/Illuminate/Pipeline/Pipeline.php(137): Illuminate\Routing\Middleware\SubstituteBindings->handle(Object(Illuminate\Http\Request), Object(Closure))
#17 /opt/lampp/htdocs/laravel_shop_khoapham/vendor/laravel/framework/src/Illuminate/Routing/Pipeline.php(33): Illuminate\Pipeline\Pipeline->Illuminate\Pipeline\{closure}(Object(Illuminate\Http\Request))
#18 /opt/lampp/htdocs/laravel_shop_khoapham/vendor/laravel/framework/src/Illuminate/Foundation/Http/Middleware/VerifyCsrfToken.php(65): Illuminate\Routing\Pipeline->Illuminate\Routing\{closure}(Object(Illuminate\Http\Request))
#19 /opt/lampp/htdocs/laravel_shop_khoapham/vendor/laravel/framework/src/Illuminate/Pipeline/Pipeline.php(137): Illuminate\Foundation\Http\Middleware\VerifyCsrfToken->handle(Object(Illuminate\Http\Request), Object(Closure))
#20 /opt/lampp/htdocs/laravel_shop_khoapham/vendor/laravel/framework/src/Illuminate/Routing/Pipeline.php(33): Illuminate\Pipeline\Pipeline->Illuminate\Pipeline\{closure}(Object(Illuminate\Http\Request))
#21 /opt/lampp/htdocs/laravel_shop_khoapham/vendor/laravel/framework/src/Illuminate/View/Middleware/ShareErrorsFromSession.php(49): Illuminate\Routing\Pipeline->Illuminate\Routing\{closure}(Object(Illuminate\Http\Request))
#22 /opt/lampp/htdocs/laravel_shop_khoapham/vendor/laravel/framework/src/Illuminate/Pipeline/Pipeline.php(137): Illuminate\View\Middleware\ShareErrorsFromSession->handle(Object(Illuminate\Http\Request), Object(Closure))
#23 /opt/lampp/htdocs/laravel_shop_khoapham/vendor/laravel/framework/src/Illuminate/Routing/Pipeline.php(33): Illuminate\Pipeline\Pipeline->Illuminate\Pipeline\{closure}(Object(Illuminate\Http\Request))
#24 /opt/lampp/htdocs/laravel_shop_khoapham/vendor/laravel/framework/src/Illuminate/Session/Middleware/StartSession.php(64): Illuminate\Routing\Pipeline->Illuminate\Routing\{closure}(Object(Illuminate\Http\Request))
#25 /opt/lampp/htdocs/laravel_shop_khoapham/vendor/laravel/framework/src/Illuminate/Pipeline/Pipeline.php(137): Illuminate\Session\Middleware\StartSession->handle(Object(Illuminate\Http\Request), Object(Closure))
#26 /opt/lampp/htdocs/laravel_shop_khoapham/vendor/laravel/framework/src/Illuminate/Routing/Pipeline.php(33): Illuminate\Pipeline\Pipeline->Illuminate\Pipeline\{closure}(Object(Illuminate\Http\Request))
#27 /opt/lampp/htdocs/laravel_shop_khoapham/vendor/laravel/framework/src/Illuminate/Cookie/Middleware/AddQueuedCookiesToResponse.php(37): Illuminate\Routing\Pipeline->Illuminate\Routing\{closure}(Object(Illuminate\Http\Request))
#28 /opt/lampp/htdocs/laravel_shop_khoapham/vendor/laravel/framework/src/Illuminate/Pipeline/Pipeline.php(137): Illuminate\Cookie\Middleware\AddQueuedCookiesToResponse->handle(Object(Illuminate\Http\Request), Object(Closure))
#29 /opt/lampp/htdocs/laravel_shop_khoapham/vendor/laravel/framework/src/Illuminate/Routing/Pipeline.php(33): Illuminate\Pipeline\Pipeline->Illuminate\Pipeline\{closure}(Object(Illuminate\Http\Request))
#30 /opt/lampp/htdocs/laravel_shop_khoapham/vendor/laravel/framework/src/Illuminate/Cookie/Middleware/EncryptCookies.php(59): Illuminate\Routing\Pipeline->Illuminate\Routing\{closure}(Object(Illuminate\Http\Request))
#31 /opt/lampp/htdocs/laravel_shop_khoapham/vendor/laravel/framework/src/Illuminate/Pipeline/Pipeline.php(137): Illuminate\Cookie\Middleware\EncryptCookies->handle(Object(Illuminate\Http\Request), Object(Closure))
#32 /opt/lampp/htdocs/laravel_shop_khoapham/vendor/laravel/framework/src/Illuminate/Routing/Pipeline.php(33): Illuminate\Pipeline\Pipeline->Illuminate\Pipeline\{closure}(Object(Illuminate\Http\Request))
#33 /opt/lampp/htdocs/laravel_shop_khoapham/vendor/laravel/framework/src/Illuminate/Pipeline/Pipeline.php(104): Illuminate\Routing\Pipeline->Illuminate\Routing\{closure}(Object(Illuminate\Http\Request))
#34 /opt/lampp/htdocs/laravel_shop_khoapham/vendor/laravel/framework/src/Illuminate/Routing/Router.php(655): Illuminate\Pipeline\Pipeline->then(Object(Closure))
#35 /opt/lampp/htdocs/laravel_shop_khoapham/vendor/laravel/framework/src/Illuminate/Routing/Router.php(629): Illuminate\Routing\Router->runRouteWithinStack(Object(Illuminate\Routing\Route), Object(Illuminate\Http\Request))
#36 /opt/lampp/htdocs/laravel_shop_khoapham/vendor/laravel/framework/src/Illuminate/Routing/Router.php(607): Illuminate\Routing\Router->dispatchToRoute(Object(Illuminate\Http\Request))
#37 /opt/lampp/htdocs/laravel_shop_khoapham/vendor/laravel/framework/src/Illuminate/Foundation/Http/Kernel.php(268): Illuminate\Routing\Router->dispatch(Object(Illuminate\Http\Request))
#38 /opt/lampp/htdocs/laravel_shop_khoapham/vendor/laravel/framework/src/Illuminate/Routing/Pipeline.php(53): Illuminate\Foundation\Http\Kernel->Illuminate\Foundation\Http\{closure}(Object(Illuminate\Http\Request))
#39 /opt/lampp/htdocs/laravel_shop_khoapham/vendor/garygreen/pretty-routes/src/MainMiddleware.php(25): Illuminate\Routing\Pipeline->Illuminate\Routing\{closure}(Object(Illuminate\Http\Request))
#40 /opt/lampp/htdocs/laravel_shop_khoapham/vendor/laravel/framework/src/Illuminate/Pipeline/Pipeline.php(137): PrettyRoutes\MainMiddleware->handle(Object(Illuminate\Http\Request), Object(Closure))
#41 /opt/lampp/htdocs/laravel_shop_khoapham/vendor/laravel/framework/src/Illuminate/Routing/Pipeline.php(33): Illuminate\Pipeline\Pipeline->Illuminate\Pipeline\{closure}(Object(Illuminate\Http\Request))
#42 /opt/lampp/htdocs/laravel_shop_khoapham/vendor/laravel/framework/src/Illuminate/Foundation/Http/Middleware/CheckForMaintenanceMode.php(46): Illuminate\Routing\Pipeline->Illuminate\Routing\{closure}(Object(Illuminate\Http\Request))
#43 /opt/lampp/htdocs/laravel_shop_khoapham/vendor/laravel/framework/src/Illuminate/Pipeline/Pipeline.php(137): Illuminate\Foundation\Http\Middleware\CheckForMaintenanceMode->handle(Object(Illuminate\Http\Request), Object(Closure))
#44 /opt/lampp/htdocs/laravel_shop_khoapham/vendor/laravel/framework/src/Illuminate/Routing/Pipeline.php(33): Illuminate\Pipeline\Pipeline->Illuminate\Pipeline\{closure}(Object(Illuminate\Http\Request))
#45 /opt/lampp/htdocs/laravel_shop_khoapham/vendor/laravel/framework/src/Illuminate/Pipeline/Pipeline.php(104): Illuminate\Routing\Pipeline->Illuminate\Routing\{closure}(Object(Illuminate\Http\Request))
#46 /opt/lampp/htdocs/laravel_shop_khoapham/vendor/laravel/framework/src/Illuminate/Foundation/Http/Kernel.php(150): Illuminate\Pipeline\Pipeline->then(Object(Closure))
#47 /opt/lampp/htdocs/laravel_shop_khoapham/vendor/laravel/framework/src/Illuminate/Foundation/Http/Kernel.php(117): Illuminate\Foundation\Http\Kernel->sendRequestThroughRouter(Object(Illuminate\Http\Request))
#48 /opt/lampp/htdocs/laravel_shop_khoapham/public/index.php(53): Illuminate\Foundation\Http\Kernel->handle(Object(Illuminate\Http\Request))
#49 /opt/lampp/htdocs/laravel_shop_khoapham/server.php(21): require_once('/opt/lampp/htdo...')
#50 {main}

Next ErrorException: could not find driver (SQL: select * from "products" order by "id" desc limit 4 offset 0) (View: /opt/lampp/htdocs/laravel_shop_khoapham/resources/views/shop/pages/home.blade.php) in /opt/lampp/htdocs/laravel_shop_khoapham/vendor/laravel/framework/src/Illuminate/Database/Connection.php:770
Stack trace:
#0 /opt/lampp/htdocs/laravel_shop_khoapham/vendor/laravel/framework/src/Illuminate/View/Engines/PhpEngine.php(44): Illuminate\View\Engines\CompilerEngine->handleViewException(Object(Illuminate\Database\QueryException), 1)
#1 /opt/lampp/htdocs/laravel_shop_khoapham/vendor/laravel/framework/src/Illuminate/View/Engines/CompilerEngine.php(59): Illuminate\View\Engines\PhpEngine->evaluatePath('/opt/lampp/htdo...', Array)
#2 /opt/lampp/htdocs/laravel_shop_khoapham/vendor/laravel/framework/src/Illuminate/View/View.php(149): Illuminate\View\Engines\CompilerEngine->get('/opt/lampp/htdo...', Array)
#3 /opt/lampp/htdocs/laravel_shop_khoapham/vendor/laravel/framework/src/Illuminate/View/View.php(120): Illuminate\View\View->getContents()
#4 /opt/lampp/htdocs/laravel_shop_khoapham/vendor/laravel/framework/src/Illuminate/View/View.php(85): Illuminate\View\View->renderContents()
#5 /opt/lampp/htdocs/laravel_shop_khoapham/vendor/laravel/framework/src/Illuminate/Http/Response.php(45): Illuminate\View\View->render()
#6 /opt/lampp/htdocs/laravel_shop_khoapham/vendor/symfony/http-foundation/Response.php(201): Illuminate\Http\Response->setContent(Object(Illuminate\View\View))
#7 /opt/lampp/htdocs/laravel_shop_khoapham/vendor/laravel/framework/src/Illuminate/Routing/Router.php(1028): Symfony\Component\HttpFoundation\Response->__construct(Object(Illuminate\View\View))
#8 /opt/lampp/htdocs/laravel_shop_khoapham/vendor/laravel/framework/src/Illuminate/Routing/Router.php(653): Illuminate\Routing\Router->prepareResponse(Object(Illuminate\Http\Request), Object(Illuminate\View\View))
#9 /opt/lampp/htdocs/laravel_shop_khoapham/vendor/laravel/framework/src/Illuminate/Routing/Pipeline.php(53): Illuminate\Routing\Router->Illuminate\Routing\{closure}(Object(Illuminate\Http\Request))
#10 /opt/lampp/htdocs/laravel_shop_khoapham/vendor/laravel/framework/src/Illuminate/Routing/Middleware/SubstituteBindings.php(41): Illuminate\Routing\Pipeline->Illuminate\Routing\{closure}(Object(Illuminate\Http\Request))
#11 /opt/lampp/htdocs/laravel_shop_khoapham/vendor/laravel/framework/src/Illuminate/Pipeline/Pipeline.php(137): Illuminate\Routing\Middleware\SubstituteBindings->handle(Object(Illuminate\Http\Request), Object(Closure))
#12 /opt/lampp/htdocs/laravel_shop_khoapham/vendor/laravel/framework/src/Illuminate/Routing/Pipeline.php(33): Illuminate\Pipeline\Pipeline->Illuminate\Pipeline\{closure}(Object(Illuminate\Http\Request))
#13 /opt/lampp/htdocs/laravel_shop_khoapham/vendor/laravel/framework/src/Illuminate/Foundation/Http/Middleware/VerifyCsrfToken.php(65): Illuminate\Routing\Pipeline->Illuminate\Routing\{closure}(Object(Illuminate\Http\Request))
#14 /opt/lampp/htdocs/laravel_shop_khoapham/vendor/laravel/framework/src/Illuminate/Pipeline/Pipeline.php(137): Illuminate\Foundation\Http\Middleware\VerifyCsrfToken->handle(Object(Illuminate\Http\Request), Object(Closure))
#15 /opt/lampp/htdocs/laravel_shop_khoapham/vendor/laravel/framework/src/Illuminate/Routing/Pipeline.php(33): Illuminate\Pipeline\Pipeline->Illuminate\Pipeline\{closure}(Object(Illuminate\Http\Request))
#16 /opt/lampp/htdocs/laravel_shop_khoapham/vendor/laravel/framework/src/Illuminate/View/Middleware/ShareErrorsFromSession.php(49): Illuminate\Routing\Pipeline->Illuminate\Routing\{closure}(Object(Illuminate\Http\Request))
#17 /opt/lampp/htdocs/laravel_shop_khoapham/vendor/laravel/framework/src/Illuminate/Pipeline/Pipeline.php(137): Illuminate\View\Middleware\ShareErrorsFromSession->handle(Object(Illuminate\Http\Request), Object(Closure))
#18 /opt/lampp/htdocs/laravel_shop_khoapham/vendor/laravel/framework/src/Illuminate/Routing/Pipeline.php(33): Illuminate\Pipeline\Pipeline->Illuminate\Pipeline\{closure}(Object(Illuminate\Http\Request))
#19 /opt/lampp/htdocs/laravel_shop_khoapham/vendor/laravel/framework/src/Illuminate/Session/Middleware/StartSession.php(64): Illuminate\Routing\Pipeline->Illuminate\Routing\{closure}(Object(Illuminate\Http\Request))
#20 /opt/lampp/htdocs/laravel_shop_khoapham/vendor/laravel/framework/src/Illuminate/Pipeline/Pipeline.php(137): Illuminate\Session\Middleware\StartSession->handle(Object(Illuminate\Http\Request), Object(Closure))
#21 /opt/lampp/htdocs/laravel_shop_khoapham/vendor/laravel/framework/src/Illuminate/Routing/Pipeline.php(33): Illuminate\Pipeline\Pipeline->Illuminate\Pipeline\{closure}(Object(Illuminate\Http\Request))
#22 /opt/lampp/htdocs/laravel_shop_khoapham/vendor/laravel/framework/src/Illuminate/Cookie/Middleware/AddQueuedCookiesToResponse.php(37): Illuminate\Routing\Pipeline->Illuminate\Routing\{closure}(Object(Illuminate\Http\Request))
#23 /opt/lampp/htdocs/laravel_shop_khoapham/vendor/laravel/framework/src/Illuminate/Pipeline/Pipeline.php(137): Illuminate\Cookie\Middleware\AddQueuedCookiesToResponse->handle(Object(Illuminate\Http\Request), Object(Closure))
#24 /opt/lampp/htdocs/laravel_shop_khoapham/vendor/laravel/framework/src/Illuminate/Routing/Pipeline.php(33): Illuminate\Pipeline\Pipeline->Illuminate\Pipeline\{closure}(Object(Illuminate\Http\Request))
#25 /opt/lampp/htdocs/laravel_shop_khoapham/vendor/laravel/framework/src/Illuminate/Cookie/Middleware/EncryptCookies.php(59): Illuminate\Routing\Pipeline->Illuminate\Routing\{closure}(Object(Illuminate\Http\Request))
#26 /opt/lampp/htdocs/laravel_shop_khoapham/vendor/laravel/framework/src/Illuminate/Pipeline/Pipeline.php(137): Illuminate\Cookie\Middleware\EncryptCookies->handle(Object(Illuminate\Http\Request), Object(Closure))
#27 /opt/lampp/htdocs/laravel_shop_khoapham/vendor/laravel/framework/src/Illuminate/Routing/Pipeline.php(33): Illuminate\Pipeline\Pipeline->Illuminate\Pipeline\{closure}(Object(Illuminate\Http\Request))
#28 /opt/lampp/htdocs/laravel_shop_khoapham/vendor/laravel/framework/src/Illuminate/Pipeline/Pipeline.php(104): Illuminate\Routing\Pipeline->Illuminate\Routing\{closure}(Object(Illuminate\Http\Request))
#29 /opt/lampp/htdocs/laravel_shop_khoapham/vendor/laravel/framework/src/Illuminate/Routing/Router.php(655): Illuminate\Pipeline\Pipeline->then(Object(Closure))
#30 /opt/lampp/htdocs/laravel_shop_khoapham/vendor/laravel/framework/src/Illuminate/Routing/Router.php(629): Illuminate\Routing\Router->runRouteWithinStack(Object(Illuminate\Routing\Route), Object(Illuminate\Http\Request))
#31 /opt/lampp/htdocs/laravel_shop_khoapham/vendor/laravel/framework/src/Illuminate/Routing/Router.php(607): Illuminate\Routing\Router->dispatchToRoute(Object(Illuminate\Http\Request))
#32 /opt/lampp/htdocs/laravel_shop_khoapham/vendor/laravel/framework/src/Illuminate/Foundation/Http/Kernel.php(268): Illuminate\Routing\Router->dispatch(Object(Illuminate\Http\Request))
#33 /opt/lampp/htdocs/laravel_shop_khoapham/vendor/laravel/framework/src/Illuminate/Routing/Pipeline.php(53): Illuminate\Foundation\Http\Kernel->Illuminate\Foundation\Http\{closure}(Object(Illuminate\Http\Request))
#34 /opt/lampp/htdocs/laravel_shop_khoapham/vendor/garygreen/pretty-routes/src/MainMiddleware.php(25): Illuminate\Routing\Pipeline->Illuminate\Routing\{closure}(Object(Illuminate\Http\Request))
#35 /opt/lampp/htdocs/laravel_shop_khoapham/vendor/laravel/framework/src/Illuminate/Pipeline/Pipeline.php(137): PrettyRoutes\MainMiddleware->handle(Object(Illuminate\Http\Request), Object(Closure))
#36 /opt/lampp/htdocs/laravel_shop_khoapham/vendor/laravel/framework/src/Illuminate/Routing/Pipeline.php(33): Illuminate\Pipeline\Pipeline->Illuminate\Pipeline\{closure}(Object(Illuminate\Http\Request))
#37 /opt/lampp/htdocs/laravel_shop_khoapham/vendor/laravel/framework/src/Illuminate/Foundation/Http/Middleware/CheckForMaintenanceMode.php(46): Illuminate\Routing\Pipeline->Illuminate\Routing\{closure}(Object(Illuminate\Http\Request))
#38 /opt/lampp/htdocs/laravel_shop_khoapham/vendor/laravel/framework/src/Illuminate/Pipeline/Pipeline.php(137): Illuminate\Foundation\Http\Middleware\CheckForMaintenanceMode->handle(Object(Illuminate\Http\Request), Object(Closure))
#39 /opt/lampp/htdocs/laravel_shop_khoapham/vendor/laravel/framework/src/Illuminate/Routing/Pipeline.php(33): Illuminate\Pipeline\Pipeline->Illuminate\Pipeline\{closure}(Object(Illuminate\Http\Request))
#40 /opt/lampp/htdocs/laravel_shop_khoapham/vendor/laravel/framework/src/Illuminate/Pipeline/Pipeline.php(104): Illuminate\Routing\Pipeline->Illuminate\Routing\{closure}(Object(Illuminate\Http\Request))
#41 /opt/lampp/htdocs/laravel_shop_khoapham/vendor/laravel/framework/src/Illuminate/Foundation/Http/Kernel.php(150): Illuminate\Pipeline\Pipeline->then(Object(Closure))
#42 /opt/lampp/htdocs/laravel_shop_khoapham/vendor/laravel/framework/src/Illuminate/Foundation/Http/Kernel.php(117): Illuminate\Foundation\Http\Kernel->sendRequestThroughRouter(Object(Illuminate\Http\Request))
#43 /opt/lampp/htdocs/laravel_shop_khoapham/public/index.php(53): Illuminate\Foundation\Http\Kernel->handle(Object(Illuminate\Http\Request))
#44 /opt/lampp/htdocs/laravel_shop_khoapham/server.php(21): require_once('/opt/lampp/htdo...')
#45 {main}  
